0 silly argv { _: [ 'run' ],
0 silly argv   scope: 'ruffle-demo',
0 silly argv   stream: true,
0 silly argv   lernaVersion: '3.22.1',
0 silly argv   '$0': 'node_modules/.bin/lerna',
0 silly argv   script: 'serve' }
1 notice cli v3.22.1
2 verbose rootPath /var/www/html/projet_flash/ruffle/web
3 notice filter including "ruffle-demo"
4 info filter [ 'ruffle-demo' ]
5 info Executing command in 1 package: "npm run serve"
6 silly npmRunScript.stream [ 'serve', [], 'ruffle-demo' ]
7 silly getExecOpts /var/www/html/projet_flash/ruffle/web/packages/demo undefined
8 error MaxBufferError: stderr maxBuffer exceeded
8 error     at PassThrough.stream.on (/var/www/html/projet_flash/ruffle/web/node_modules/get-stream/index.js:41:19)
8 error     at PassThrough.emit (events.js:203:15)
8 error     at addChunk (_stream_readable.js:288:12)
8 error     at readableAddChunk (_stream_readable.js:265:13)
8 error     at PassThrough.Readable.push (_stream_readable.js:224:10)
8 error     at PassThrough.Transform.push (_stream_transform.js:151:32)
8 error     at PassThrough.afterTransform (_stream_transform.js:92:10)
8 error     at PassThrough._transform (_stream_passthrough.js:42:3)
8 error     at PassThrough.Transform._read (_stream_transform.js:190:10)
